mono-2_0-1_fc10:HEAD:mono-2.0-1.fc10.src.rpm:1218719116
mono-2_0-4_fc10:HEAD:mono-2.0-4.fc10.src.rpm:1219746940
mono-2_0-5_fc10:HEAD:mono-2.0-5.fc10.src.rpm:1220047677
mono-2_0-6_fc10:HEAD:mono-2.0-6.fc10.src.rpm:1221073246
mono-2_0-7_fc10:HEAD:mono-2.0-7.fc10.src.rpm:1221685120
mono-2_0-8_fc10:HEAD:mono-2.0-8.fc10.src.rpm:1221814700
mono-2_0-10_fc10:HEAD:mono-2.0-10.fc10.src.rpm:1222991530
mono-2_0-11_fc10:HEAD:mono-2.0-11.fc10.src.rpm:1224195347
mono-2_0-11_1_fc10:HEAD:mono-2.0-11.1.fc10.src.rpm:1224372920
mono-2_0_1-12_fc10:HEAD:mono-2.0.1-12.fc10.src.rpm:1224923536
mono-2_0_1-13_fc10:HEAD:mono-2.0.1-13.fc10.src.rpm:1225659728
mono-2_0_1-13_fc10:HEAD:mono-2.0.1-13.fc10.src.rpm:1226836107
mono-2_2-1_pre1_fc10:HEAD:mono-2.2-1.pre1.fc10.src.rpm:1227626955
mono-2_2-1_1_pre1_fc10:HEAD:mono-2.2-1.1.pre1.fc10.src.rpm:1227627723
mono-2_2-2_pre1_fc10:HEAD:mono-2.2-2.pre1.fc10.src.rpm:1227649766
mono-2_2-3_pre1_fc10:HEAD:mono-2.2-3.pre1.fc10.src.rpm:1227693180
mono-2_2-4_pre1_fc10:HEAD:mono-2.2-4.pre1.fc10.src.rpm:1227705354
mono-2_2-5_pre1_fc11:HEAD:mono-2.2-5.pre1.fc11.src.rpm:1228072254
mono-2_2-6_pre1_fc11:HEAD:mono-2.2-6.pre1.fc11.src.rpm:1228075040
mono-2_2-7_pre1_fc11:HEAD:mono-2.2-7.pre1.fc11.src.rpm:1228347891
mono-2_2-8_pre2_fc11:HEAD:mono-2.2-8.pre2.fc11.src.rpm:1228759110
mono-2_2-10_pre2_20081215svn121507_fc11:HEAD:mono-2.2-10.pre2.20081215svn121507.fc11.src.rpm:1229342187
mono-2_2-11_pre3_20081215svn121536_fc11:HEAD:mono-2.2-11.pre3.20081215svn121536.fc11.src.rpm:1229380660
mono-2_2-11_pre3_20081216svn121605_fc11:HEAD:mono-2.2-11.pre3.20081216svn121605.fc11.src.rpm:1229509237
mono-2_2-12_pre3_20081217svn121664_fc11:HEAD:mono-2.2-12.pre3.20081217svn121664.fc11.src.rpm:1229517354
mono-2_2-13_pre3_20081219svn121833_fc11:HEAD:mono-2.2-13.pre3.20081219svn121833.fc11.src.rpm:1229684067
mono-2_2-14_pre3_20081219svn121833_fc11:HEAD:mono-2.2-14.pre3.20081219svn121833.fc11.src.rpm:1229707958
mono-2_2-14_RC1_20081223svn122032_fc11:HEAD:mono-2.2-14.RC1.20081223svn122032.fc11.src.rpm:1230112849
